<?xml version="1.0" encoding="UTF-8"?>
<!-- Generated by org.testng.reporters.JUnitXMLReporter -->
<testsuite hostname="DESKTOP-VIEUU3U" ignored="0" name="Test" tests="13" failures="0" timestamp="2022-01-27T00:11:35 IST" time="21.621" errors="0">
  <testcase name="test1" time="3.739" classname="org.TestNgEx2.ParallelMthod"/>
  <testcase name="test2" time="5.898" classname="org.TestNgEx2.ParallelMthod"/>
  <testcase name="CreateAccount" time="0.001" classname="org.TestNgEx2.AccountManager"/>
  <testcase name="UpdateAccount" time="0.003" classname="org.TestNgEx2.AccountManager"/>
  <testcase name="CreateAccount" time="0.002" classname="org.TestNgEx2.AccountManager2"/>
  <testcase name="UpdateAccount" time="0.002" classname="org.TestNgEx2.AccountManager2"/>
  <testcase name="test1" time="7.105" classname="org.TestNgEx2.InvocationCountEx1"/>
  <testcase name="test1" time="7.712" classname="org.TestNgEx2.InvocationCountEx1"/>
  <testcase name="test1" time="4.774" classname="org.TestNgEx2.InvocationCountEx1"/>
  <testcase name="CreateUser" time="0.001" classname="org.TestNgEx2.UserManager2"/>
  <testcase name="UpdateUser" time="0.002" classname="org.TestNgEx2.UserManager2"/>
  <testcase name="CreateUser" time="0.003" classname="org.TestNgEx2.UserManager"/>
  <testcase name="UpdateUser" time="0.001" classname="org.TestNgEx2.UserManager"/>
</testsuite> <!-- Test -->
